<?xml version="1.0" encoding="UTF-8"?>
<!-- Generated by org.testng.reporters.JUnitReportReporter -->
<testsuite hostname="OAHOPVDISP0818" name="com.qa.testcases.UpdateUserProfileTest" tests="1" failures="0" timestamp="26 Mar 2020 13:42:16 GMT" time="10.343" errors="0">
  <testcase name="updateUserProfile" time="10.343" classname="com.qa.testcases.UpdateUserProfileTest"/>
</testsuite> <!-- com.qa.testcases.UpdateUserProfileTest -->
