<?xml version="1.0" encoding="UTF-8"?>
<!-- Generated by org.testng.reporters.JUnitReportReporter -->
<testsuite hostname="OAHOPVDISP0818" name="com.qa.testcases.LockAndUnlockProfileTest" tests="1" failures="0" timestamp="26 Mar 2020 13:59:09 GMT" time="5.604" errors="0">
  <testcase name="LockUnlockUserProfile" time="5.604" classname="com.qa.testcases.LockAndUnlockProfileTest"/>
</testsuite> <!-- com.qa.testcases.LockAndUnlockProfileTest -->
